<?xml version="1.0" encoding="UTF-8"?>
<!-- Generated by org.testng.reporters.JUnitXMLReporter -->
<testsuite ignored="0" hostname="LAPTOP-OO66PKPK" failures="2" tests="6" name="Surefire test" time="0.138" errors="0" timestamp="28 Nov 2023 10:29:44 GMT">
  <testcase classname="com.parallel.ParallelTests" name="LaunchChrome" time="0.073">
    <failure type="java.lang.IllegalStateException" message="The driver executable does not exist: C:\Users\ssaiv\eclipse-workspace\Phase5-2\.\Resources\chromedriver.exe">
      <![CDATA[java.lang.IllegalStateException: The driver executable does not exist: C:\Users\ssaiv\eclipse-workspace\Phase5-2\.\Resources\chromedriver.exe
at com.google.common.base.Preconditions.checkState(Preconditions.java:197)
at org.openqa.selenium.remote.service.DriverService.checkExecutable(DriverService.java:122)
at org.openqa.selenium.remote.service.DriverService.findExecutable(DriverService.java:117)
at org.openqa.selenium.chrome.ChromeDriverService.access$000(ChromeDriverService.java:32)
at org.openqa.selenium.chrome.ChromeDriverService$Builder.findDefaultExecutable(ChromeDriverService.java:118)
at org.openqa.selenium.remote.service.DriverService$Builder.build(DriverService.java:291)
at org.openqa.selenium.chrome.ChromeDriverService.createDefaultService(ChromeDriverService.java:82)
at org.openqa.selenium.chrome.ChromeDriver.<init>(ChromeDriver.java:117)
at com.parallel.ParallelTests.LaunchChrome(ParallelTests.java:16)
... Removed 30 stack frames]]>
    </failure>
  </testcase> <!-- LaunchChrome -->
  <testcase classname="com.parallel.ParallelTests" name="LaunchFirefox" time="0.021">
    <failure type="org.openqa.selenium.WebDriverException" message="Cannot find firefox binary in PATH. Make sure firefox is installed. OS appears to be: XP
Build info: version: &amp;apos;2.45.0&amp;apos;, revision: &amp;apos;5017cb8e7ca8e37638dc3091b2440b90a1d8686f&amp;apos;, time: &amp;apos;2015-02-27 09:10:26&amp;apos;
System info: host: &amp;apos;LAPTOP-OO66PKPK&amp;apos;, ip: &amp;apos;192.168.1.100&amp;apos;, os.name: &amp;apos;Windows 11&amp;apos;, os.arch: &amp;apos;amd64&amp;apos;, os.version: &amp;apos;10.0&amp;apos;, java.version: &amp;apos;17.0.8.1&amp;apos;
Driver info: driver.version: FirefoxDriver">
      <![CDATA[org.openqa.selenium.WebDriverException: Cannot find firefox binary in PATH. Make sure firefox is installed. OS appears to be: XP
Build info: version: '2.45.0', revision: '5017cb8e7ca8e37638dc3091b2440b90a1d8686f', time: '2015-02-27 09:10:26'
System info: host: 'LAPTOP-OO66PKPK', ip: '192.168.1.100', os.name: 'Windows 11', os.arch: 'amd64', os.version: '10.0', java.version: '17.0.8.1'
Driver info: driver.version: FirefoxDriver
at org.openqa.selenium.firefox.internal.Executable.<init>(Executable.java:72)
at org.openqa.selenium.firefox.FirefoxBinary.<init>(FirefoxBinary.java:59)
at org.openqa.selenium.firefox.FirefoxBinary.<init>(FirefoxBinary.java:55)
at org.openqa.selenium.firefox.FirefoxDriver.<init>(FirefoxDriver.java:95)
at com.parallel.ParallelTests.LaunchFirefox(ParallelTests.java:35)
... Removed 30 stack frames]]>
    </failure>
  </testcase> <!-- LaunchFirefox -->
  <testcase classname="com.parallel.ParallelTests" name="TryFacebook1" time="0.0">
    <skipped/>
  </testcase> <!-- TryFacebook1 -->
  <testcase classname="com.parallel.ParallelTests" name="TryFacebook2" time="0.0">
    <skipped/>
  </testcase> <!-- TryFacebook2 -->
  <testcase classname="com.testannotations.TestAnnotations" name="Test1" time="0.0"/>
  <testcase classname="com.testannotations.TestAnnotations" name="Test2" time="0.0"/>
</testsuite> <!-- Surefire test -->
